<?xml version="1.0" encoding="UTF-8"?>
<!-- Generated by org.testng.reporters.JUnitXMLReporter -->
<testsuite hostname="DESKTOP-H3351AI" ignored="1" name="Default test" tests="3" failures="0" timestamp="2020-02-07T17:33:53 GST" time="13.844" errors="0">
  <testcase name="f" time="0.609" classname="automation.Testngassgn1"/>
  <testcase name="printtext2" time="0.459" classname="automation.Testngassgn1"/>
  <testcase name="m2" time="0.252" classname="automation.Testngassgn1"/>
  <testcase name="printtext11" time="0.0" classname="automation.Testngassgn1">
    <ignored/>
  </testcase> <!-- printtext11 -->
</testsuite> <!-- Default test -->
