<?xml version="1.0" encoding="UTF-8"?>
<testng-results skipped="0" failed="0" ignored="1" total="4" passed="3">
  <reporter-output>
  </reporter-output>
  <suite name="Default suite" duration-ms="13844" started-at="2020-02-07T17:33:39 GST" finished-at="2020-02-07T17:33:53 GST">
    <groups>
    </groups>
    <test name="Default test" duration-ms="13844" started-at="2020-02-07T17:33:39 GST" finished-at="2020-02-07T17:33:53 GST">
      <class name="automation.Testngassgn1">
        <test-method status="PASS" signature="m1()[pri:0, instance:automation.Testngassgn1@6b09bb57]" name="m1" is-config="true" duration-ms="11904" started-at="2020-02-07T17:33:39 GST" finished-at="2020-02-07T17:33:51 GST">
          <reporter-output>
          </reporter-output>
        </test-method> <!-- m1 -->
        <test-method status="PASS" signature="f()[pri:1, instance:automation.Testngassgn1@6b09bb57]" name="f" duration-ms="609" started-at="2020-02-07T17:33:51 GST" finished-at="2020-02-07T17:33:52 GST">
          <reporter-output>
          </reporter-output>
        </test-method> <!-- f -->
        <test-method status="PASS" signature="printtext2()[pri:2, instance:automation.Testngassgn1@6b09bb57]" name="printtext2" duration-ms="459" started-at="2020-02-07T17:33:52 GST" finished-at="2020-02-07T17:33:52 GST">
          <reporter-output>
          </reporter-output>
        </test-method> <!-- printtext2 -->
        <test-method status="PASS" signature="m2()[pri:3, instance:automation.Testngassgn1@6b09bb57]" name="m2" duration-ms="252" started-at="2020-02-07T17:33:52 GST" finished-at="2020-02-07T17:33:52 GST">
          <reporter-output>
          </reporter-output>
        </test-method> <!-- m2 -->
        <test-method status="PASS" signature="login()[pri:0, instance:automation.Testngassgn1@6b09bb57]" name="login" is-config="true" duration-ms="539" started-at="2020-02-07T17:33:52 GST" finished-at="2020-02-07T17:33:53 GST">
          <reporter-output>
          </reporter-output>
        </test-method> <!-- login -->
      </class> <!-- automation.Testngassgn1 -->
    </test> <!-- Default test -->
  </suite> <!-- Default suite -->
</testng-results>
